<?xml version="1.0" encoding="UTF-8"?>
<testng-results ignored="0" total="1" passed="1" failed="0" skipped="0">
  <reporter-output>
  </reporter-output>
  <suite started-at="2024-02-28T06:41:46Z" name="Default suite" finished-at="2024-02-28T06:42:13Z" duration-ms="26987">
    <groups>
      <group name="cucumber">
        <method signature="AbstractTestNGCucumberTests.runScenario(io.cucumber.testng.PickleWrapper, io.cucumber.testng.FeatureWrapper)[pri:0, instance:testrunners.AdminLoginTest@21ba0741]" name="runScenario" class="io.cucumber.testng.AbstractTestNGCucumberTests"/>
      </group> <!-- cucumber -->
    </groups>
    <test started-at="2024-02-28T06:41:46Z" name="Default test" finished-at="2024-02-28T06:42:13Z" duration-ms="26987">
      <class name="testrunners.AdminLoginTest">
        <test-method is-config="true" signature="setUpClass(org.testng.ITestContext)[pri:0, instance:testrunners.AdminLoginTest@21ba0741]" started-at="2024-02-28T06:41:46Z" name="setUpClass" finished-at="2024-02-28T06:41:47Z" duration-ms="1147" status="PASS">
          <params>
            <param index="0">
              <value>
                <![CDATA[org.testng.TestRunner@2f4c2cd4]]>
              </value>
            </param>
          </params>
          <reporter-output>
          </reporter-output>
        </test-method> <!-- setUpClass -->
        <test-method signature="runScenario(io.cucumber.testng.PickleWrapper, io.cucumber.testng.FeatureWrapper)[pri:0, instance:testrunners.AdminLoginTest@21ba0741]" started-at="2024-02-28T06:41:47Z" name="runScenario" description="Runs Cucumber Scenarios" data-provider="scenarios" finished-at="2024-02-28T06:42:13Z" duration-ms="25778" status="PASS">
          <params>
            <param index="0">
              <value>
                <![CDATA["Check Admin Login with valid inputs"]]>
              </value>
            </param>
            <param index="1">
              <value>
                <![CDATA["Admin Login"]]>
              </value>
            </param>
          </params>
          <reporter-output>
          </reporter-output>
        </test-method> <!-- runScenario -->
        <test-method is-config="true" signature="tearDownClass()[pri:0, instance:testrunners.AdminLoginTest@21ba0741]" started-at="2024-02-28T06:42:13Z" name="tearDownClass" finished-at="2024-02-28T06:42:13Z" duration-ms="43" status="PASS">
          <reporter-output>
          </reporter-output>
        </test-method> <!-- tearDownClass -->
      </class> <!-- testrunners.AdminLoginTest -->
    </test> <!-- Default test -->
  </suite> <!-- Default suite -->
</testng-results>
